<?xml version="1.0" encoding="UTF-8"?>
<!-- Generated by org.testng.reporters.JUnitReportReporter -->
<testsuite hostname="LAPTOP-G3RLSTPP" failures="0" tests="3" name="ShoppingApp.test.SubmitOrderTest" time="51.878" errors="0" timestamp="16 Sep 2023 16:24:03 GMT" skipped="0">
  <testcase classname="ShoppingApp.test.SubmitOrderTest" name="submitOrder" time="18.550"/>
  <testcase classname="ShoppingApp.test.SubmitOrderTest" name="submitOrder" time="18.819"/>
  <testcase classname="ShoppingApp.test.SubmitOrderTest" name="verifyOrderList" time="14.509"/>
</testsuite> <!-- ShoppingApp.test.SubmitOrderTest -->
